[1625628289.317][INFO]: Starting ChromeDriver 91.0.4472.101 (af52a90bf87030dd1523486a1cd3ae25c5d76c9b-refs/branch-heads/4472@{#1462}) on port 26518
[1625628289.317][INFO]: Please see https://chromedriver.chromium.org/security-considerations for suggestions on keeping ChromeDriver safe.
[1625628290.076][INFO]: [9af786b98d2ffd255d2bc081aaa97387] COMMAND InitSession {
   "capabilities": {
      "firstMatch": [ {
         "browserName": "chrome",
         "goog:chromeOptions": {
            "args": [ "--disable-notifications", "--start-maximized", "ignore-certificate-errors", "user-data-dir=C:\\Users\\lenovo\\AppData\\Local\\Google\\Chrome\\User\\Test" ],
            "extensions": [  ]
         }
      } ]
   },
   "desiredCapabilities": {
      "browserName": "chrome",
      "goog:chromeOptions": {
         "args": [ "--disable-notifications", "--start-maximized", "ignore-certificate-errors", "user-data-dir=C:\\Users\\lenovo\\AppData\\Local\\Google\\Chrome\\User\\Test" ],
         "extensions": [  ]
      }
   }
}
[1625628290.079][INFO]: Populating Preferences file: {
   "alternate_error_pages": {
      "enabled": false
   },
   "autofill": {
      "enabled": false
   },
   "browser": {
      "check_default_browser": false
   },
   "distribution": {
      "import_bookmarks": false,
      "import_history": false,
      "import_search_engine": false,
      "make_chrome_default_for_user": false,
      "skip_first_run_ui": true
   },
   "dns_prefetching": {
      "enabled": false
   },
   "profile": {
      "content_settings": {
         "pattern_pairs": {
            "https://*,*": {
               "media-stream": {
                  "audio": "Default",
                  "video": "Default"
               }
            }
         }
      },
      "default_content_setting_values": {
         "geolocation": 1
      },
      "default_content_settings": {
         "geolocation": 1,
         "mouselock": 1,
         "notifications": 1,
         "popups": 1,
         "ppapi-broker": 1
      },
      "password_manager_enabled": false
   },
   "safebrowsing": {
      "enabled": false
   },
   "search": {
      "suggest_enabled": false
   },
   "translate": {
      "enabled": false
   }
}
[1625628290.080][INFO]: Populating Local State file: {
   "background_mode": {
      "enabled": false
   },
   "ssl": {
      "rev_checking": {
         "enabled": false
      }
   }
}
[1625628290.084][INFO]: Launching chrome: "C:\Program Files (x86)\Google\Chrome\Application\chrome.exe" --allow-pre-commit-input --disable-background-networking --disable-backgrounding-occluded-windows --disable-client-side-phishing-detection --disable-default-apps --disable-hang-monitor --disable-notifications --disable-popup-blocking --disable-prompt-on-repost --disable-sync --enable-automation --enable-blink-features=ShadowDOMV0 --enable-logging --ignore-certificate-errors --log-level=0 --no-first-run --no-service-autorun --password-store=basic --remote-debugging-port=0 --start-maximized --test-type=webdriver --use-mock-keychain --user-data-dir="C:\Users\lenovo\AppData\Local\Google\Chrome\User\Test"
[1625628290.679][INFO]: resolved localhost to ["::1","127.0.0.1"]
[1625628290.741][INFO]: [9af786b98d2ffd255d2bc081aaa97387] RESPONSE InitSession {
   "capabilities": {
      "acceptInsecureCerts": false,
      "browserName": "chrome",
      "browserVersion": "91.0.4472.124",
      "chrome": {
         "chromedriverVersion": "91.0.4472.101 (af52a90bf87030dd1523486a1cd3ae25c5d76c9b-refs/branch-heads/4472@{#1462})",
         "userDataDir": "C:\\Users\\lenovo\\AppData\\Local\\Google\\Chrome\\User\\Test"
      },
      "goog:chromeOptions": {
         "debuggerAddress": "localhost:52318"
      },
      "networkConnectionEnabled": false,
      "pageLoadStrategy": "normal",
      "platformName": "windows",
      "proxy": {

      },
      "setWindowRect": true,
      "strictFileInteractability": false,
      "timeouts": {
         "implicit": 0,
         "pageLoad": 300000,
         "script": 30000
      },
      "unhandledPromptBehavior": "dismiss and notify",
      "webauthn:extension:largeBlob": true,
      "webauthn:virtualAuthenticators": true
   },
   "sessionId": "9af786b98d2ffd255d2bc081aaa97387"
}
[1625628290.825][INFO]: [9af786b98d2ffd255d2bc081aaa97387] COMMAND Navigate {
   "url": "http://pushengage.com/demo"
}
[1625628290.826][INFO]: Waiting for pending navigations...
[1625628291.400][INFO]: Done waiting for pending navigations. Status: ok
[1625628292.250][INFO]: Waiting for pending navigations...
[1625628294.327][INFO]: Done waiting for pending navigations. Status: ok
[1625628294.327][INFO]: [9af786b98d2ffd255d2bc081aaa97387] RESPONSE Navigate
